
Attaching package: ‘dplyr’

The following objects are masked from ‘package:stats’:

    filter, lag

The following objects are masked from ‘package:base’:

    intersect, setdiff, setequal, union


Attaching package: ‘lubridate’

The following objects are masked from ‘package:base’:

    date, intersect, setdiff, union

DEFINIENDO FUNCIONES...
DESCARGANDO...
trying URL 'https://www.portalinmobiliario.com/arriendo/departamento/tarapaca'
Content type 'text/html; charset=utf-8' length 362944 bytes (354 KB)
==================================================
downloaded 354 KB

Archivos descargados en 
scrapping/portalinmobiliario/paginas/2021-06-25/portal_2021-06-25_arriendo_departamentos_.html
Warning message:
In dir.create(ruta) :
  'scrapping/portalinmobiliario/paginas/2021-06-25' already exists
trying URL 'https://www.portalinmobiliario.com/arriendo/casa/tarapaca'
Content type 'text/html; charset=utf-8' length 247320 bytes (241 KB)
==================================================
downloaded 241 KB

Archivos descargados en 
scrapping/portalinmobiliario/paginas/2021-06-25/portal_2021-06-25_arriendo_casas_.html
Warning message:
In dir.create(ruta) :
  'scrapping/portalinmobiliario/paginas/2021-06-25' already exists
trying URL 'https://www.portalinmobiliario.com/arriendo/oficina/tarapaca'
Content type 'text/html; charset=utf-8' length 478232 bytes (467 KB)
==================================================
downloaded 467 KB

Archivos descargados en 
scrapping/portalinmobiliario/paginas/2021-06-25/portal_2021-06-25_arriendo_oficinas_.html
Warning message:
In dir.create(ruta) :
  'scrapping/portalinmobiliario/paginas/2021-06-25' already exists
trying URL 'https://www.portalinmobiliario.com/arriendo/comercial/tarapaca'
Content type 'text/html; charset=utf-8' length 315043 bytes (307 KB)
==================================================
downloaded 307 KB

Archivos descargados en 
scrapping/portalinmobiliario/paginas/2021-06-25/portal_2021-06-25_arriendo_locales_.html
Warning message:
In dir.create(ruta) :
  'scrapping/portalinmobiliario/paginas/2021-06-25' already exists
SCRAPPING...
inicializando lista
portal_2021-06-25_arriendo_casas_.html
portal_2021-06-25_arriendo_departamentos_.html
portal_2021-06-25_arriendo_locales_.html
portal_2021-06-25_arriendo_oficinas_.html
convirtiendo lista...
OK
LIMPIANDO...
INTEGRANDO BASES...
PROCESANDO BASES...

> library(dplyr)

> library(stringr)

> library(ggplot2)

> library(tidytext)

> library(lubridate)

> load("scrapping/yapo.cl/bases_yapo.rdata")

> fecha_a <- max(bases_yapo$fecha)

> load("scrapping/stopwords.rdata")

> palabras_obvias <- c("bicicleta", "bicicletas", "bici", 
+     "bike", "perros", "perro", "gatos", "mascotas", "mascota", 
+     "zapatos", "zapatil ..." ... [TRUNCATED] 

> palabras_meta <- c("busco", "oferta", "ofertas", "Iquique", 
+     "Alto Hospicio", "original", "originales")

> base_yapo_palabras <- bases_yapo %>% select(producto, 
+     precio, categoria, pagina, fecha, hora, comuna) %>% unnest_tokens(palabra, 
+     produ .... [TRUNCATED] 

> base_yapo_resumen <- bases_yapo %>% filter(precio > 
+     1000) %>% filter(fecha >= ymd(fecha_a) - weeks(1)) %>% group_by(categoria) %>% 
+     sum .... [TRUNCATED] 

> base_yapo_procesada <- list(entera = bases_yapo, resumen = base_yapo_resumen, 
+     palabras = base_yapo_palabras)

> save(base_yapo_procesada, file = "dataemprende/scrapping_yapo.rdata")

Attaching package: ‘dplyr’

The following objects are masked from ‘package:stats’:

    filter, lag

The following objects are masked from ‘package:base’:

    intersect, setdiff, setequal, union


Attaching package: ‘lubridate’

The following objects are masked from ‘package:base’:

    date, intersect, setdiff, union

DEFINIENDO FUNCIONES...
DESCARGANDO...
trying URL 'https://www.portalinmobiliario.com/arriendo/departamento/tarapaca'
Content type 'text/html; charset=utf-8' length 352954 bytes (344 KB)
==================================================
downloaded 344 KB

Archivos descargados en 
scrapping/portalinmobiliario/paginas/2021-07-02/portal_2021-07-02_arriendo_departamentos_.html
trying URL 'https://www.portalinmobiliario.com/arriendo/casa/tarapaca'
Content type 'text/html; charset=utf-8' length 247967 bytes (242 KB)
==================================================
downloaded 242 KB

Archivos descargados en 
scrapping/portalinmobiliario/paginas/2021-07-02/portal_2021-07-02_arriendo_casas_.html
Warning message:
In dir.create(ruta) :
  'scrapping/portalinmobiliario/paginas/2021-07-02' already exists
trying URL 'https://www.portalinmobiliario.com/arriendo/oficina/tarapaca'
Content type 'text/html; charset=utf-8' length 475838 bytes (464 KB)
==================================================
downloaded 464 KB

Archivos descargados en 
scrapping/portalinmobiliario/paginas/2021-07-02/portal_2021-07-02_arriendo_oficinas_.html
Warning message:
In dir.create(ruta) :
  'scrapping/portalinmobiliario/paginas/2021-07-02' already exists
trying URL 'https://www.portalinmobiliario.com/arriendo/comercial/tarapaca'
Content type 'text/html; charset=utf-8' length 315218 bytes (307 KB)
==================================================
downloaded 307 KB

Archivos descargados en 
scrapping/portalinmobiliario/paginas/2021-07-02/portal_2021-07-02_arriendo_locales_.html
Warning message:
In dir.create(ruta) :
  'scrapping/portalinmobiliario/paginas/2021-07-02' already exists
SCRAPPING...
inicializando lista
portal_2021-07-02_arriendo_casas_.html
portal_2021-07-02_arriendo_departamentos_.html
portal_2021-07-02_arriendo_locales_.html
portal_2021-07-02_arriendo_oficinas_.html
convirtiendo lista...
OK
LIMPIANDO...
INTEGRANDO BASES...
PROCESANDO BASES...

> library(dplyr)

> library(stringr)

> library(ggplot2)

> library(tidytext)

> library(lubridate)

> load("scrapping/yapo.cl/bases_yapo.rdata")

> fecha_a <- max(bases_yapo$fecha)

> load("scrapping/stopwords.rdata")

> palabras_obvias <- c("bicicleta", "bicicletas", "bici", 
+     "bike", "perros", "perro", "gatos", "mascotas", "mascota", 
+     "zapatos", "zapatil ..." ... [TRUNCATED] 

> palabras_meta <- c("busco", "oferta", "ofertas", "Iquique", 
+     "Alto Hospicio", "original", "originales")

> base_yapo_palabras <- bases_yapo %>% select(producto, 
+     precio, categoria, pagina, fecha, hora, comuna) %>% unnest_tokens(palabra, 
+     produ .... [TRUNCATED] 

> base_yapo_resumen <- bases_yapo %>% filter(precio > 
+     1000) %>% filter(fecha >= ymd(fecha_a) - weeks(1)) %>% group_by(categoria) %>% 
+     sum .... [TRUNCATED] 

> base_yapo_procesada <- list(entera = bases_yapo, resumen = base_yapo_resumen, 
+     palabras = base_yapo_palabras)

> save(base_yapo_procesada, file = "dataemprende/scrapping_yapo.rdata")

Attaching package: ‘dplyr’

The following objects are masked from ‘package:stats’:

    filter, lag

The following objects are masked from ‘package:base’:

    intersect, setdiff, setequal, union


Attaching package: ‘lubridate’

The following objects are masked from ‘package:base’:

    date, intersect, setdiff, union

DEFINIENDO FUNCIONES...
DESCARGANDO...
trying URL 'https://www.portalinmobiliario.com/arriendo/departamento/tarapaca'
Content type 'text/html; charset=utf-8' length 336356 bytes (328 KB)
==================================================
downloaded 328 KB

Archivos descargados en 
scrapping/portalinmobiliario/paginas/2021-07-09/portal_2021-07-09_arriendo_departamentos_.html
trying URL 'https://www.portalinmobiliario.com/arriendo/casa/tarapaca'
Content type 'text/html; charset=utf-8' length 255331 bytes (249 KB)
==================================================
downloaded 249 KB

Archivos descargados en 
scrapping/portalinmobiliario/paginas/2021-07-09/portal_2021-07-09_arriendo_casas_.html
Warning message:
In dir.create(ruta) :
  'scrapping/portalinmobiliario/paginas/2021-07-09' already exists
trying URL 'https://www.portalinmobiliario.com/arriendo/oficina/tarapaca'
Content type 'text/html; charset=utf-8' length 448241 bytes (437 KB)
==================================================
downloaded 437 KB

Archivos descargados en 
scrapping/portalinmobiliario/paginas/2021-07-09/portal_2021-07-09_arriendo_oficinas_.html
Warning message:
In dir.create(ruta) :
  'scrapping/portalinmobiliario/paginas/2021-07-09' already exists
trying URL 'https://www.portalinmobiliario.com/arriendo/comercial/tarapaca'
Content type 'text/html; charset=utf-8' length 305482 bytes (298 KB)
==================================================
downloaded 298 KB

Archivos descargados en 
scrapping/portalinmobiliario/paginas/2021-07-09/portal_2021-07-09_arriendo_locales_.html
Warning message:
In dir.create(ruta) :
  'scrapping/portalinmobiliario/paginas/2021-07-09' already exists
SCRAPPING...
inicializando lista
portal_2021-07-09_arriendo_casas_.html
portal_2021-07-09_arriendo_departamentos_.html
portal_2021-07-09_arriendo_locales_.html
portal_2021-07-09_arriendo_oficinas_.html
convirtiendo lista...
OK
LIMPIANDO...
INTEGRANDO BASES...
PROCESANDO BASES...

> library(dplyr)

> library(stringr)

> library(ggplot2)

> library(tidytext)

> library(lubridate)

> load("scrapping/yapo.cl/bases_yapo.rdata")

> fecha_a <- max(bases_yapo$fecha)

> load("scrapping/stopwords.rdata")

> palabras_obvias <- c("bicicleta", "bicicletas", "bici", 
+     "bike", "perros", "perro", "gatos", "mascotas", "mascota", 
+     "zapatos", "zapatil ..." ... [TRUNCATED] 

> palabras_meta <- c("busco", "oferta", "ofertas", "Iquique", 
+     "Alto Hospicio", "original", "originales")

> base_yapo_palabras <- bases_yapo %>% select(producto, 
+     precio, categoria, pagina, fecha, hora, comuna) %>% unnest_tokens(palabra, 
+     produ .... [TRUNCATED] 

> base_yapo_resumen <- bases_yapo %>% filter(precio > 
+     1000) %>% filter(fecha >= ymd(fecha_a) - weeks(1)) %>% group_by(categoria) %>% 
+     sum .... [TRUNCATED] 

> base_yapo_procesada <- list(entera = bases_yapo, resumen = base_yapo_resumen, 
+     palabras = base_yapo_palabras)

> save(base_yapo_procesada, file = "dataemprende/scrapping_yapo.rdata")

Attaching package: ‘dplyr’

The following objects are masked from ‘package:stats’:

    filter, lag

The following objects are masked from ‘package:base’:

    intersect, setdiff, setequal, union


Attaching package: ‘lubridate’

The following objects are masked from ‘package:base’:

    date, intersect, setdiff, union

DEFINIENDO FUNCIONES...
DESCARGANDO...
trying URL 'https://www.portalinmobiliario.com/arriendo/departamento/tarapaca'
Content type 'text/html; charset=utf-8' length 314882 bytes (307 KB)
==================================================
downloaded 307 KB

Archivos descargados en 
scrapping/portalinmobiliario/paginas/2021-07-16/portal_2021-07-16_arriendo_departamentos_.html
trying URL 'https://www.portalinmobiliario.com/arriendo/casa/tarapaca'
Content type 'text/html; charset=utf-8' length 245092 bytes (239 KB)
==================================================
downloaded 239 KB

Archivos descargados en 
scrapping/portalinmobiliario/paginas/2021-07-16/portal_2021-07-16_arriendo_casas_.html
Warning message:
In dir.create(ruta) :
  'scrapping/portalinmobiliario/paginas/2021-07-16' already exists
trying URL 'https://www.portalinmobiliario.com/arriendo/oficina/tarapaca'
Content type 'text/html; charset=utf-8' length 445798 bytes (435 KB)
==================================================
downloaded 435 KB

Archivos descargados en 
scrapping/portalinmobiliario/paginas/2021-07-16/portal_2021-07-16_arriendo_oficinas_.html
Warning message:
In dir.create(ruta) :
  'scrapping/portalinmobiliario/paginas/2021-07-16' already exists
trying URL 'https://www.portalinmobiliario.com/arriendo/comercial/tarapaca'
Content type 'text/html; charset=utf-8' length 310841 bytes (303 KB)
==================================================
downloaded 303 KB

Archivos descargados en 
scrapping/portalinmobiliario/paginas/2021-07-16/portal_2021-07-16_arriendo_locales_.html
Warning message:
In dir.create(ruta) :
  'scrapping/portalinmobiliario/paginas/2021-07-16' already exists
SCRAPPING...
inicializando lista
portal_2021-07-16_arriendo_casas_.html
portal_2021-07-16_arriendo_departamentos_.html
portal_2021-07-16_arriendo_locales_.html
portal_2021-07-16_arriendo_oficinas_.html
convirtiendo lista...
OK
LIMPIANDO...
INTEGRANDO BASES...
PROCESANDO BASES...

> library(dplyr)

> library(stringr)

> library(ggplot2)

> library(tidytext)

> library(lubridate)

> load("scrapping/yapo.cl/bases_yapo.rdata")

> fecha_a <- max(bases_yapo$fecha)

> load("scrapping/stopwords.rdata")

> palabras_obvias <- c("bicicleta", "bicicletas", "bici", 
+     "bike", "perros", "perro", "gatos", "mascotas", "mascota", 
+     "zapatos", "zapatil ..." ... [TRUNCATED] 

> palabras_meta <- c("busco", "oferta", "ofertas", "Iquique", 
+     "Alto Hospicio", "original", "originales")

> base_yapo_palabras <- bases_yapo %>% select(producto, 
+     precio, categoria, pagina, fecha, hora, comuna) %>% unnest_tokens(palabra, 
+     produ .... [TRUNCATED] 

> base_yapo_resumen <- bases_yapo %>% filter(precio > 
+     1000) %>% filter(fecha >= ymd(fecha_a) - weeks(1)) %>% group_by(categoria) %>% 
+     sum .... [TRUNCATED] 

> base_yapo_procesada <- list(entera = bases_yapo, resumen = base_yapo_resumen, 
+     palabras = base_yapo_palabras)

> save(base_yapo_procesada, file = "dataemprende/scrapping_yapo.rdata")

Attaching package: ‘lubridate’

The following objects are masked from ‘package:base’:

    date, intersect, setdiff, union

DEFINIENDO FUNCIONES...
DESCARGANDO...
trying URL 'https://www.portalinmobiliario.com/arriendo/departamento/tarapaca'
Content type 'text/html; charset=utf-8' length 323002 bytes (315 KB)
==================================================
downloaded 315 KB

Archivos descargados en 
scrapping/portalinmobiliario/paginas/2021-07-23/portal_2021-07-23_arriendo_departamentos_.html
trying URL 'https://www.portalinmobiliario.com/arriendo/casa/tarapaca'
Content type 'text/html; charset=utf-8' length 230795 bytes (225 KB)
==================================================
downloaded 225 KB

Archivos descargados en 
scrapping/portalinmobiliario/paginas/2021-07-23/portal_2021-07-23_arriendo_casas_.html
Warning message:
In dir.create(ruta) :
  'scrapping/portalinmobiliario/paginas/2021-07-23' already exists
trying URL 'https://www.portalinmobiliario.com/arriendo/oficina/tarapaca'
Content type 'text/html; charset=utf-8' length 442558 bytes (432 KB)
==================================================
downloaded 432 KB

Archivos descargados en 
scrapping/portalinmobiliario/paginas/2021-07-23/portal_2021-07-23_arriendo_oficinas_.html
Warning message:
In dir.create(ruta) :
  'scrapping/portalinmobiliario/paginas/2021-07-23' already exists
trying URL 'https://www.portalinmobiliario.com/arriendo/comercial/tarapaca'
Content type 'text/html; charset=utf-8' length 299508 bytes (292 KB)
==================================================
downloaded 292 KB

Archivos descargados en 
scrapping/portalinmobiliario/paginas/2021-07-23/portal_2021-07-23_arriendo_locales_.html
Warning message:
In dir.create(ruta) :
  'scrapping/portalinmobiliario/paginas/2021-07-23' already exists
SCRAPPING...
inicializando lista
portal_2021-07-23_arriendo_casas_.html
portal_2021-07-23_arriendo_departamentos_.html
portal_2021-07-23_arriendo_locales_.html
portal_2021-07-23_arriendo_oficinas_.html
convirtiendo lista...
OK
LIMPIANDO...
INTEGRANDO BASES...
PROCESANDO BASES...

> library(dplyr)

> library(stringr)

> library(ggplot2)

> library(tidytext)

> library(lubridate)

> load("scrapping/yapo.cl/bases_yapo.rdata")

> fecha_a <- max(bases_yapo$fecha)

> load("scrapping/stopwords.rdata")

> palabras_obvias <- c("bicicleta", "bicicletas", "bici", 
+     "bike", "perros", "perro", "gatos", "mascotas", "mascota", 
+     "zapatos", "zapatil ..." ... [TRUNCATED] 

> palabras_meta <- c("busco", "oferta", "ofertas", "Iquique", 
+     "Alto Hospicio", "original", "originales")

> base_yapo_palabras <- bases_yapo %>% select(producto, 
+     precio, categoria, pagina, fecha, hora, comuna) %>% unnest_tokens(palabra, 
+     produ .... [TRUNCATED] 

> base_yapo_resumen <- bases_yapo %>% filter(precio > 
+     1000) %>% filter(fecha >= ymd(fecha_a) - weeks(1)) %>% group_by(categoria) %>% 
+     sum .... [TRUNCATED] 

> base_yapo_procesada <- list(entera = bases_yapo, resumen = base_yapo_resumen, 
+     palabras = base_yapo_palabras)

> save(base_yapo_procesada, file = "dataemprende/scrapping_yapo.rdata")

Attaching package: ‘lubridate’

The following objects are masked from ‘package:base’:

    date, intersect, setdiff, union

DEFINIENDO FUNCIONES...
DESCARGANDO...
trying URL 'https://www.portalinmobiliario.com/arriendo/departamento/tarapaca'
Content type 'text/html; charset=utf-8' length 330531 bytes (322 KB)
==================================================
downloaded 322 KB

Archivos descargados en 
scrapping/portalinmobiliario/paginas/2021-07-30/portal_2021-07-30_arriendo_departamentos_.html
trying URL 'https://www.portalinmobiliario.com/arriendo/casa/tarapaca'
Content type 'text/html; charset=utf-8' length 244673 bytes (238 KB)
==================================================
downloaded 238 KB

Archivos descargados en 
scrapping/portalinmobiliario/paginas/2021-07-30/portal_2021-07-30_arriendo_casas_.html
Warning message:
In dir.create(ruta) :
  'scrapping/portalinmobiliario/paginas/2021-07-30' already exists
trying URL 'https://www.portalinmobiliario.com/arriendo/oficina/tarapaca'
Content type 'text/html; charset=utf-8' length 451782 bytes (441 KB)
==================================================
downloaded 441 KB

Archivos descargados en 
scrapping/portalinmobiliario/paginas/2021-07-30/portal_2021-07-30_arriendo_oficinas_.html
Warning message:
In dir.create(ruta) :
  'scrapping/portalinmobiliario/paginas/2021-07-30' already exists
trying URL 'https://www.portalinmobiliario.com/arriendo/comercial/tarapaca'
Content type 'text/html; charset=utf-8' length 303246 bytes (296 KB)
==================================================
downloaded 296 KB

Archivos descargados en 
scrapping/portalinmobiliario/paginas/2021-07-30/portal_2021-07-30_arriendo_locales_.html
Warning message:
In dir.create(ruta) :
  'scrapping/portalinmobiliario/paginas/2021-07-30' already exists
SCRAPPING...
inicializando lista
portal_2021-07-30_arriendo_casas_.html
portal_2021-07-30_arriendo_departamentos_.html
portal_2021-07-30_arriendo_locales_.html
portal_2021-07-30_arriendo_oficinas_.html
convirtiendo lista...
OK
LIMPIANDO...
INTEGRANDO BASES...
PROCESANDO BASES...

> library(dplyr)

> library(stringr)

> library(ggplot2)

> library(tidytext)

> library(lubridate)

> load("scrapping/yapo.cl/bases_yapo.rdata")

> fecha_a <- max(bases_yapo$fecha)

> load("scrapping/stopwords.rdata")

> palabras_obvias <- c("bicicleta", "bicicletas", "bici", 
+     "bike", "perros", "perro", "gatos", "mascotas", "mascota", 
+     "zapatos", "zapatil ..." ... [TRUNCATED] 

> palabras_meta <- c("busco", "oferta", "ofertas", "Iquique", 
+     "Alto Hospicio", "original", "originales")

> base_yapo_palabras <- bases_yapo %>% select(producto, 
+     precio, categoria, pagina, fecha, hora, comuna) %>% unnest_tokens(palabra, 
+     produ .... [TRUNCATED] 

> base_yapo_resumen <- bases_yapo %>% filter(precio > 
+     1000) %>% filter(fecha >= ymd(fecha_a) - weeks(1)) %>% group_by(categoria) %>% 
+     sum .... [TRUNCATED] 

> base_yapo_procesada <- list(entera = bases_yapo, resumen = base_yapo_resumen, 
+     palabras = base_yapo_palabras)

> save(base_yapo_procesada, file = "dataemprende/scrapping_yapo.rdata")

Attaching package: ‘lubridate’

The following objects are masked from ‘package:base’:

    date, intersect, setdiff, union

DEFINIENDO FUNCIONES...
DESCARGANDO...
trying URL 'https://www.portalinmobiliario.com/arriendo/departamento/tarapaca'
Content type 'text/html; charset=utf-8' length 321067 bytes (313 KB)
==================================================
downloaded 313 KB

Archivos descargados en 
scrapping/portalinmobiliario/paginas/2021-08-06/portal_2021-08-06_arriendo_departamentos_.html
trying URL 'https://www.portalinmobiliario.com/arriendo/casa/tarapaca'
Content type 'text/html; charset=utf-8' length 250803 bytes (244 KB)
==================================================
downloaded 244 KB

Archivos descargados en 
scrapping/portalinmobiliario/paginas/2021-08-06/portal_2021-08-06_arriendo_casas_.html
Warning message:
In dir.create(ruta) :
  'scrapping/portalinmobiliario/paginas/2021-08-06' already exists
trying URL 'https://www.portalinmobiliario.com/arriendo/oficina/tarapaca'
Content type 'text/html; charset=utf-8' length 450940 bytes (440 KB)
==================================================
downloaded 440 KB

Archivos descargados en 
scrapping/portalinmobiliario/paginas/2021-08-06/portal_2021-08-06_arriendo_oficinas_.html
Warning message:
In dir.create(ruta) :
  'scrapping/portalinmobiliario/paginas/2021-08-06' already exists
trying URL 'https://www.portalinmobiliario.com/arriendo/comercial/tarapaca'
Content type 'text/html; charset=utf-8' length 299565 bytes (292 KB)
==================================================
downloaded 292 KB

Archivos descargados en 
scrapping/portalinmobiliario/paginas/2021-08-06/portal_2021-08-06_arriendo_locales_.html
Warning message:
In dir.create(ruta) :
  'scrapping/portalinmobiliario/paginas/2021-08-06' already exists
SCRAPPING...
inicializando lista
portal_2021-08-06_arriendo_casas_.html
portal_2021-08-06_arriendo_departamentos_.html
portal_2021-08-06_arriendo_locales_.html
portal_2021-08-06_arriendo_oficinas_.html
convirtiendo lista...
OK
LIMPIANDO...
INTEGRANDO BASES...
PROCESANDO BASES...

> library(dplyr)

> library(stringr)

> library(ggplot2)

> library(tidytext)

> library(lubridate)

> load("scrapping/yapo.cl/bases_yapo.rdata")

> fecha_a <- max(bases_yapo$fecha)

> load("scrapping/stopwords.rdata")

> palabras_obvias <- c("bicicleta", "bicicletas", "bici", 
+     "bike", "perros", "perro", "gatos", "mascotas", "mascota", 
+     "zapatos", "zapatil ..." ... [TRUNCATED] 

> palabras_meta <- c("busco", "oferta", "ofertas", "Iquique", 
+     "Alto Hospicio", "original", "originales")

> base_yapo_palabras <- bases_yapo %>% select(producto, 
+     precio, categoria, pagina, fecha, hora, comuna) %>% unnest_tokens(palabra, 
+     produ .... [TRUNCATED] 

> base_yapo_resumen <- bases_yapo %>% filter(precio > 
+     1000) %>% filter(fecha >= ymd(fecha_a) - weeks(1)) %>% group_by(categoria) %>% 
+     sum .... [TRUNCATED] 

> base_yapo_procesada <- list(entera = bases_yapo, resumen = base_yapo_resumen, 
+     palabras = base_yapo_palabras)

> save(base_yapo_procesada, file = "dataemprende/scrapping_yapo.rdata")

Attaching package: ‘lubridate’

The following objects are masked from ‘package:base’:

    date, intersect, setdiff, union

DEFINIENDO FUNCIONES...
DESCARGANDO...
trying URL 'https://www.portalinmobiliario.com/arriendo/departamento/tarapaca'
Content type 'text/html; charset=utf-8' length 354464 bytes (346 KB)
==================================================
downloaded 346 KB

Archivos descargados en 
scrapping/portalinmobiliario/paginas/2021-08-13/portal_2021-08-13_arriendo_departamentos_.html
trying URL 'https://www.portalinmobiliario.com/arriendo/casa/tarapaca'
Content type 'text/html; charset=utf-8' length 280162 bytes (273 KB)
==================================================
downloaded 273 KB

Archivos descargados en 
scrapping/portalinmobiliario/paginas/2021-08-13/portal_2021-08-13_arriendo_casas_.html
Warning message:
In dir.create(ruta) :
  'scrapping/portalinmobiliario/paginas/2021-08-13' already exists
trying URL 'https://www.portalinmobiliario.com/arriendo/oficina/tarapaca'
Content type 'text/html; charset=utf-8' length 430695 bytes (420 KB)
==================================================
downloaded 420 KB

Archivos descargados en 
scrapping/portalinmobiliario/paginas/2021-08-13/portal_2021-08-13_arriendo_oficinas_.html
Warning message:
In dir.create(ruta) :
  'scrapping/portalinmobiliario/paginas/2021-08-13' already exists
trying URL 'https://www.portalinmobiliario.com/arriendo/comercial/tarapaca'
Content type 'text/html; charset=utf-8' length 287195 bytes (280 KB)
==================================================
downloaded 280 KB

Archivos descargados en 
scrapping/portalinmobiliario/paginas/2021-08-13/portal_2021-08-13_arriendo_locales_.html
Warning message:
In dir.create(ruta) :
  'scrapping/portalinmobiliario/paginas/2021-08-13' already exists
SCRAPPING...
inicializando lista
portal_2021-08-13_arriendo_casas_.html
portal_2021-08-13_arriendo_departamentos_.html
portal_2021-08-13_arriendo_locales_.html
portal_2021-08-13_arriendo_oficinas_.html
convirtiendo lista...
OK
LIMPIANDO...
INTEGRANDO BASES...
PROCESANDO BASES...

> library(dplyr)

> library(stringr)

> library(ggplot2)

> library(tidytext)

> library(lubridate)

> load("scrapping/yapo.cl/bases_yapo.rdata")

> fecha_a <- max(bases_yapo$fecha)

> load("scrapping/stopwords.rdata")

> palabras_obvias <- c("bicicleta", "bicicletas", "bici", 
+     "bike", "perros", "perro", "gatos", "mascotas", "mascota", 
+     "zapatos", "zapatil ..." ... [TRUNCATED] 

> palabras_meta <- c("busco", "oferta", "ofertas", "Iquique", 
+     "Alto Hospicio", "original", "originales")

> base_yapo_palabras <- bases_yapo %>% select(producto, 
+     precio, categoria, pagina, fecha, hora, comuna) %>% unnest_tokens(palabra, 
+     produ .... [TRUNCATED] 

> base_yapo_resumen <- bases_yapo %>% filter(precio > 
+     1000) %>% filter(fecha >= ymd(fecha_a) - weeks(1)) %>% group_by(categoria) %>% 
+     sum .... [TRUNCATED] 

> base_yapo_procesada <- list(entera = bases_yapo, resumen = base_yapo_resumen, 
+     palabras = base_yapo_palabras)

> save(base_yapo_procesada, file = "dataemprende/scrapping_yapo.rdata")

Attaching package: ‘lubridate’

The following objects are masked from ‘package:base’:

    date, intersect, setdiff, union

DEFINIENDO FUNCIONES...
DESCARGANDO...
trying URL 'https://www.portalinmobiliario.com/arriendo/departamento/tarapaca'
Content type 'text/html; charset=utf-8' length 326816 bytes (319 KB)
==================================================
downloaded 319 KB

Archivos descargados en 
scrapping/portalinmobiliario/paginas/2021-08-20/portal_2021-08-20_arriendo_departamentos_.html
trying URL 'https://www.portalinmobiliario.com/arriendo/casa/tarapaca'
Content type 'text/html; charset=utf-8' length 270742 bytes (264 KB)
==================================================
downloaded 264 KB

Archivos descargados en 
scrapping/portalinmobiliario/paginas/2021-08-20/portal_2021-08-20_arriendo_casas_.html
Warning message:
In dir.create(ruta) :
  'scrapping/portalinmobiliario/paginas/2021-08-20' already exists
trying URL 'https://www.portalinmobiliario.com/arriendo/oficina/tarapaca'
Content type 'text/html; charset=utf-8' length 423926 bytes (413 KB)
==================================================
downloaded 413 KB

Archivos descargados en 
scrapping/portalinmobiliario/paginas/2021-08-20/portal_2021-08-20_arriendo_oficinas_.html
Warning message:
In dir.create(ruta) :
  'scrapping/portalinmobiliario/paginas/2021-08-20' already exists
trying URL 'https://www.portalinmobiliario.com/arriendo/comercial/tarapaca'
Content type 'text/html; charset=utf-8' length 292837 bytes (285 KB)
==================================================
downloaded 285 KB

Archivos descargados en 
scrapping/portalinmobiliario/paginas/2021-08-20/portal_2021-08-20_arriendo_locales_.html
Warning message:
In dir.create(ruta) :
  'scrapping/portalinmobiliario/paginas/2021-08-20' already exists
SCRAPPING...
inicializando lista
portal_2021-08-20_arriendo_casas_.html
portal_2021-08-20_arriendo_departamentos_.html
portal_2021-08-20_arriendo_locales_.html
portal_2021-08-20_arriendo_oficinas_.html
convirtiendo lista...
OK
LIMPIANDO...
INTEGRANDO BASES...
PROCESANDO BASES...

> library(dplyr)

> library(stringr)

> library(ggplot2)

> library(tidytext)

> library(lubridate)

> load("scrapping/yapo.cl/bases_yapo.rdata")

> fecha_a <- max(bases_yapo$fecha)

> load("scrapping/stopwords.rdata")

> palabras_obvias <- c("bicicleta", "bicicletas", "bici", 
+     "bike", "perros", "perro", "gatos", "mascotas", "mascota", 
+     "zapatos", "zapatil ..." ... [TRUNCATED] 

> palabras_meta <- c("busco", "oferta", "ofertas", "Iquique", 
+     "Alto Hospicio", "original", "originales")

> base_yapo_palabras <- bases_yapo %>% select(producto, 
+     precio, categoria, pagina, fecha, hora, comuna) %>% unnest_tokens(palabra, 
+     produ .... [TRUNCATED] 

> base_yapo_resumen <- bases_yapo %>% filter(precio > 
+     1000) %>% filter(fecha >= ymd(fecha_a) - weeks(1)) %>% group_by(categoria) %>% 
+     sum .... [TRUNCATED] 

> base_yapo_procesada <- list(entera = bases_yapo, resumen = base_yapo_resumen, 
+     palabras = base_yapo_palabras)

> save(base_yapo_procesada, file = "dataemprende/scrapping_yapo.rdata")

Attaching package: ‘lubridate’

The following objects are masked from ‘package:base’:

    date, intersect, setdiff, union

DEFINIENDO FUNCIONES...
DESCARGANDO...
trying URL 'https://www.portalinmobiliario.com/arriendo/departamento/tarapaca'
Content type 'text/html; charset=utf-8' length 288003 bytes (281 KB)
==================================================
downloaded 281 KB

Archivos descargados en 
scrapping/portalinmobiliario/paginas/2021-08-27/portal_2021-08-27_arriendo_departamentos_.html
trying URL 'https://www.portalinmobiliario.com/arriendo/casa/tarapaca'
Content type 'text/html; charset=utf-8' length 283189 bytes (276 KB)
==================================================
downloaded 276 KB

Archivos descargados en 
scrapping/portalinmobiliario/paginas/2021-08-27/portal_2021-08-27_arriendo_casas_.html
Warning message:
In dir.create(ruta) :
  'scrapping/portalinmobiliario/paginas/2021-08-27' already exists
trying URL 'https://www.portalinmobiliario.com/arriendo/oficina/tarapaca'
Content type 'text/html; charset=utf-8' length 404617 bytes (395 KB)
==================================================
downloaded 395 KB

Archivos descargados en 
scrapping/portalinmobiliario/paginas/2021-08-27/portal_2021-08-27_arriendo_oficinas_.html
Warning message:
In dir.create(ruta) :
  'scrapping/portalinmobiliario/paginas/2021-08-27' already exists
trying URL 'https://www.portalinmobiliario.com/arriendo/comercial/tarapaca'
Content type 'text/html; charset=utf-8' length 294579 bytes (287 KB)
==================================================
downloaded 287 KB

Archivos descargados en 
scrapping/portalinmobiliario/paginas/2021-08-27/portal_2021-08-27_arriendo_locales_.html
Warning message:
In dir.create(ruta) :
  'scrapping/portalinmobiliario/paginas/2021-08-27' already exists
SCRAPPING...
inicializando lista
portal_2021-08-27_arriendo_casas_.html
portal_2021-08-27_arriendo_departamentos_.html
portal_2021-08-27_arriendo_locales_.html
portal_2021-08-27_arriendo_oficinas_.html
convirtiendo lista...
OK
LIMPIANDO...
INTEGRANDO BASES...
PROCESANDO BASES...

> library(dplyr)

> library(stringr)

> library(ggplot2)

> library(tidytext)

> library(lubridate)

> load("scrapping/yapo.cl/bases_yapo.rdata")

> fecha_a <- max(bases_yapo$fecha)

> load("scrapping/stopwords.rdata")

> palabras_obvias <- c("bicicleta", "bicicletas", "bici", 
+     "bike", "perros", "perro", "gatos", "mascotas", "mascota", 
+     "zapatos", "zapatil ..." ... [TRUNCATED] 

> palabras_meta <- c("busco", "oferta", "ofertas", "Iquique", 
+     "Alto Hospicio", "original", "originales")

> base_yapo_palabras <- bases_yapo %>% select(producto, 
+     precio, categoria, pagina, fecha, hora, comuna) %>% unnest_tokens(palabra, 
+     produ .... [TRUNCATED] 

> base_yapo_resumen <- bases_yapo %>% filter(precio > 
+     1000) %>% filter(fecha >= ymd(fecha_a) - weeks(1)) %>% group_by(categoria) %>% 
+     sum .... [TRUNCATED] 

> base_yapo_procesada <- list(entera = bases_yapo, resumen = base_yapo_resumen, 
+     palabras = base_yapo_palabras)

> save(base_yapo_procesada, file = "dataemprende/scrapping_yapo.rdata")

Attaching package: ‘lubridate’

The following objects are masked from ‘package:base’:

    date, intersect, setdiff, union

DEFINIENDO FUNCIONES...
DESCARGANDO...
trying URL 'https://www.portalinmobiliario.com/arriendo/departamento/tarapaca'
Error in download.file(direccion, destfile = paste0(ruta, archivo)) : 
  cannot open URL 'https://www.portalinmobiliario.com/arriendo/departamento/tarapaca'
Calls: descargar_portalinmobiliario -> download.file
In addition: Warning message:
In download.file(direccion, destfile = paste0(ruta, archivo)) :
  cannot open URL 'https://www.portalinmobiliario.com/arriendo/departamento/tarapaca': HTTP status was '403 Forbidden'
Execution halted

Attaching package: ‘lubridate’

The following objects are masked from ‘package:base’:

    date, intersect, setdiff, union

DEFINIENDO FUNCIONES...
DESCARGANDO...
trying URL 'https://www.portalinmobiliario.com/arriendo/departamento/tarapaca'
Error in download.file(direccion, destfile = paste0(ruta, archivo)) : 
  cannot open URL 'https://www.portalinmobiliario.com/arriendo/departamento/tarapaca'
Calls: descargar_portalinmobiliario -> download.file
In addition: Warning message:
In download.file(direccion, destfile = paste0(ruta, archivo)) :
  cannot open URL 'https://www.portalinmobiliario.com/arriendo/departamento/tarapaca': HTTP status was '403 Forbidden'
Execution halted

Attaching package: ‘lubridate’

The following objects are masked from ‘package:base’:

    date, intersect, setdiff, union

DEFINIENDO FUNCIONES...
DESCARGANDO...
trying URL 'https://www.portalinmobiliario.com/arriendo/departamento/tarapaca'
Error in download.file(direccion, destfile = paste0(ruta, archivo)) : 
  cannot open URL 'https://www.portalinmobiliario.com/arriendo/departamento/tarapaca'
Calls: descargar_portalinmobiliario -> download.file
In addition: Warning message:
In download.file(direccion, destfile = paste0(ruta, archivo)) :
  cannot open URL 'https://www.portalinmobiliario.com/arriendo/departamento/tarapaca': HTTP status was '403 Forbidden'
Execution halted

Attaching package: ‘lubridate’

The following objects are masked from ‘package:base’:

    date, intersect, setdiff, union

DEFINIENDO FUNCIONES...
DESCARGANDO...
trying URL 'https://www.portalinmobiliario.com/arriendo/departamento/tarapaca'
Error in download.file(direccion, destfile = paste0(ruta, archivo)) : 
  cannot open URL 'https://www.portalinmobiliario.com/arriendo/departamento/tarapaca'
Calls: descargar_portalinmobiliario -> download.file
In addition: Warning message:
In download.file(direccion, destfile = paste0(ruta, archivo)) :
  cannot open URL 'https://www.portalinmobiliario.com/arriendo/departamento/tarapaca': HTTP status was '403 Forbidden'
Execution halted

Attaching package: ‘lubridate’

The following objects are masked from ‘package:base’:

    date, intersect, setdiff, union

DEFINIENDO FUNCIONES...
DESCARGANDO...
trying URL 'https://www.portalinmobiliario.com/arriendo/departamento/tarapaca'
Error in download.file(direccion, destfile = paste0(ruta, archivo)) : 
  cannot open URL 'https://www.portalinmobiliario.com/arriendo/departamento/tarapaca'
Calls: descargar_portalinmobiliario -> download.file
In addition: Warning message:
In download.file(direccion, destfile = paste0(ruta, archivo)) :
  cannot open URL 'https://www.portalinmobiliario.com/arriendo/departamento/tarapaca': HTTP status was '403 Forbidden'
Execution halted

Attaching package: ‘lubridate’

The following objects are masked from ‘package:base’:

    date, intersect, setdiff, union

DEFINIENDO FUNCIONES...
DESCARGANDO...
trying URL 'https://www.portalinmobiliario.com/arriendo/departamento/tarapaca'
Error in download.file(direccion, destfile = paste0(ruta, archivo)) : 
  cannot open URL 'https://www.portalinmobiliario.com/arriendo/departamento/tarapaca'
Calls: descargar_portalinmobiliario -> download.file
In addition: Warning message:
In download.file(direccion, destfile = paste0(ruta, archivo)) :
  cannot open URL 'https://www.portalinmobiliario.com/arriendo/departamento/tarapaca': HTTP status was '403 Forbidden'
Execution halted

Attaching package: ‘lubridate’

The following objects are masked from ‘package:base’:

    date, intersect, setdiff, union

DEFINIENDO FUNCIONES...
DESCARGANDO...
trying URL 'https://www.portalinmobiliario.com/arriendo/departamento/tarapaca'
Error in download.file(direccion, destfile = paste0(ruta, archivo)) : 
  cannot open URL 'https://www.portalinmobiliario.com/arriendo/departamento/tarapaca'
Calls: descargar_portalinmobiliario -> download.file
In addition: Warning message:
In download.file(direccion, destfile = paste0(ruta, archivo)) :
  cannot open URL 'https://www.portalinmobiliario.com/arriendo/departamento/tarapaca': HTTP status was '403 Forbidden'
Execution halted

Attaching package: ‘lubridate’

The following objects are masked from ‘package:base’:

    date, intersect, setdiff, union

DEFINIENDO FUNCIONES...
DESCARGANDO...
trying URL 'https://www.portalinmobiliario.com/arriendo/departamento/tarapaca'
Error in download.file(direccion, destfile = paste0(ruta, archivo)) : 
  cannot open URL 'https://www.portalinmobiliario.com/arriendo/departamento/tarapaca'
Calls: descargar_portalinmobiliario -> download.file
In addition: Warning message:
In download.file(direccion, destfile = paste0(ruta, archivo)) :
  cannot open URL 'https://www.portalinmobiliario.com/arriendo/departamento/tarapaca': HTTP status was '403 Forbidden'
Execution halted

Attaching package: ‘lubridate’

The following objects are masked from ‘package:base’:

    date, intersect, setdiff, union

DEFINIENDO FUNCIONES...
DESCARGANDO...
trying URL 'https://www.portalinmobiliario.com/arriendo/departamento/tarapaca'
Error in download.file(direccion, destfile = paste0(ruta, archivo)) : 
  cannot open URL 'https://www.portalinmobiliario.com/arriendo/departamento/tarapaca'
Calls: descargar_portalinmobiliario -> download.file
In addition: Warning message:
In download.file(direccion, destfile = paste0(ruta, archivo)) :
  cannot open URL 'https://www.portalinmobiliario.com/arriendo/departamento/tarapaca': HTTP status was '403 Forbidden'
Execution halted

Attaching package: ‘lubridate’

The following objects are masked from ‘package:base’:

    date, intersect, setdiff, union

DEFINIENDO FUNCIONES...
DESCARGANDO...
trying URL 'https://www.portalinmobiliario.com/arriendo/departamento/tarapaca'
Error in download.file(direccion, destfile = paste0(ruta, archivo)) : 
  cannot open URL 'https://www.portalinmobiliario.com/arriendo/departamento/tarapaca'
Calls: descargar_portalinmobiliario -> download.file
In addition: Warning message:
In download.file(direccion, destfile = paste0(ruta, archivo)) :
  cannot open URL 'https://www.portalinmobiliario.com/arriendo/departamento/tarapaca': HTTP status was '403 Forbidden'
Execution halted

Attaching package: ‘lubridate’

The following objects are masked from ‘package:base’:

    date, intersect, setdiff, union

DEFINIENDO FUNCIONES...
DESCARGANDO...
trying URL 'https://www.portalinmobiliario.com/arriendo/departamento/tarapaca'
Error in download.file(direccion, destfile = paste0(ruta, archivo)) : 
  cannot open URL 'https://www.portalinmobiliario.com/arriendo/departamento/tarapaca'
Calls: descargar_portalinmobiliario -> download.file
In addition: Warning message:
In download.file(direccion, destfile = paste0(ruta, archivo)) :
  cannot open URL 'https://www.portalinmobiliario.com/arriendo/departamento/tarapaca': HTTP status was '403 Forbidden'
Execution halted
